<?xml version="1.0" encoding="UTF-8"?>
<!-- Generated by org.testng.reporters.JUnitReportReporter -->
<testsuite hostname="DESKTOP-S6O5EIQ" name="scripts.VerifyProductVersion" tests="1" failures="0" timestamp="9 Aug 2019 02:40:04 GMT" time="13.069" errors="0">
  <testcase name="testVerifyProductVersion" time="13.069" classname="scripts.VerifyProductVersion"/>
</testsuite> <!-- scripts.VerifyProductVersion -->
