<?xml version="1.0" encoding="UTF-8"?>
<!-- Generated by org.testng.reporters.JUnitReportReporter -->
<testsuite hostname="DESKTOP-S6O5EIQ" name="scripts.Invalidlogin" tests="1" failures="0" timestamp="9 Aug 2019 02:31:40 GMT" time="20.728" errors="0">
  <testcase name="testInvalidLogin" time="20.728" classname="scripts.Invalidlogin"/>
</testsuite> <!-- scripts.Invalidlogin -->
